# Logfile created on Thu Jan 16 15:22:34 +0400 2020 by logger.rb/1.2.6



/uploads/school_details/1/logos/Alsanawbar-System%20login.jpg
No such file or directory - uploads/000/000/001/school_details/logos/000/000/001/original/Alsanawbar-System login.jpg



/uploads/school_details/1/logos/Alsanawbar-System%20login.jpg
No such file or directory - uploads/000/000/001/school_details/logos/000/000/001/original/Alsanawbar-System login.jpg



/uploads/school_details/1/logos/Alsanawbar-System%20login.jpg
No such file or directory - uploads/000/000/001/school_details/logos/000/000/001/original/Alsanawbar-System login.jpg



/uploads/school_details/1/logos/Alsanawbar-System%20login.jpg
No such file or directory - uploads/000/000/001/school_details/logos/000/000/001/original/Alsanawbar-System login.jpg



/uploads/school_details/1/logos/Alsanawbar-System%20login.jpg
No such file or directory - uploads/000/000/001/school_details/logos/000/000/001/original/Alsanawbar-System login.jpg



/uploads/school_details/1/logos/Alsanawbar-System%20login.jpg
No such file or directory - uploads/000/000/001/school_details/logos/000/000/001/original/Alsanawbar-System login.jpg



/uploads/school_details/1/logos/Alsanawbar-System%20login.jpg
No such file or directory - uploads/000/000/001/school_details/logos/000/000/001/original/Alsanawbar-System login.jpg



/uploads/school_details/1/logos/Alsanawbar-System%20login.jpg
No such file or directory - uploads/000/000/001/school_details/logos/000/000/001/original/Alsanawbar-System login.jpg



/uploads/school_details/1/logos/Alsanawbar-System%20login.jpg
No such file or directory - uploads/000/000/001/school_details/logos/000/000/001/original/Alsanawbar-System login.jpg



/uploads/school_details/1/logos/Alsanawbar-System%20login.jpg
No such file or directory - uploads/000/000/001/school_details/logos/000/000/001/original/Alsanawbar-System login.jpg



/uploads/school_details/1/logos/Alsanawbar-System%20login.jpg
No such file or directory - uploads/000/000/001/school_details/logos/000/000/001/original/Alsanawbar-System login.jpg



/uploads/school_details/1/logos/Alsanawbar-System%20login.jpg
No such file or directory - uploads/000/000/001/school_details/logos/000/000/001/original/Alsanawbar-System login.jpg



/uploads/school_details/1/logos/Alsanawbar-System%20login.jpg
No such file or directory - uploads/000/000/001/school_details/logos/000/000/001/original/Alsanawbar-System login.jpg



/uploads/school_details/1/logos/Alsanawbar-System%20login.jpg
No such file or directory - uploads/000/000/001/school_details/logos/000/000/001/original/Alsanawbar-System login.jpg



/uploads/school_details/1/logos/Alsanawbar-System%20login.jpg
No such file or directory - uploads/000/000/001/school_details/logos/000/000/001/original/Alsanawbar-System login.jpg



/uploads/school_details/1/logos/Alsanawbar-System%20login.jpg
No such file or directory - uploads/000/000/001/school_details/logos/000/000/001/original/Alsanawbar-System login.jpg



/uploads/school_details/1/logos/Alsanawbar-System%20login.jpg
No such file or directory - uploads/000/000/001/school_details/logos/000/000/001/original/Alsanawbar-System login.jpg



/uploads/school_details/1/logos/Alsanawbar-System%20login.jpg
No such file or directory - uploads/000/000/001/school_details/logos/000/000/001/original/Alsanawbar-System login.jpg



/uploads/school_details/1/logos/Alsanawbar-System%20login.jpg
No such file or directory - uploads/000/000/001/school_details/logos/000/000/001/original/Alsanawbar-System login.jpg



/uploads/school_details/1/logos/Alsanawbar-System%20login.jpg
No such file or directory - uploads/000/000/001/school_details/logos/000/000/001/original/Alsanawbar-System login.jpg



/uploads/school_details/1/logos/Alsanawbar-System%20login.jpg
No such file or directory - uploads/000/000/001/school_details/logos/000/000/001/original/Alsanawbar-System login.jpg



/uploads/school_details/1/logos/Alsanawbar-System%20login.jpg
No such file or directory - uploads/000/000/001/school_details/logos/000/000/001/original/Alsanawbar-System login.jpg



/uploads/school_details/1/logos/Alsanawbar-System%20login.jpg
No such file or directory - uploads/000/000/001/school_details/logos/000/000/001/original/Alsanawbar-System login.jpg



/uploads/school_details/1/logos/Alsanawbar-System%20login.jpg
No such file or directory - uploads/000/000/001/school_details/logos/000/000/001/original/Alsanawbar-System login.jpg



/uploads/school_details/1/logos/Alsanawbar-System%20login.jpg
No such file or directory - uploads/000/000/001/school_details/logos/000/000/001/original/Alsanawbar-System login.jpg



/uploads/school_details/1/logos/Alsanawbar-System%20login.jpg
No such file or directory - uploads/000/000/001/school_details/logos/000/000/001/original/Alsanawbar-System login.jpg



/uploads/school_details/1/logos/Alsanawbar-System%20login.jpg
No such file or directory - uploads/000/000/001/school_details/logos/000/000/001/original/Alsanawbar-System login.jpg



/uploads/school_details/1/logos/Alsanawbar-System%20login.jpg
No such file or directory - uploads/000/000/001/school_details/logos/000/000/001/original/Alsanawbar-System login.jpg



/uploads/school_details/1/logos/Alsanawbar-System%20login.jpg
No such file or directory - uploads/000/000/001/school_details/logos/000/000/001/original/Alsanawbar-System login.jpg



/uploads/school_details/1/logos/Alsanawbar-System%20login.jpg
No such file or directory - uploads/000/000/001/school_details/logos/000/000/001/original/Alsanawbar-System login.jpg



/uploads/school_details/1/logos/Alsanawbar-System%20login.jpg
No such file or directory - uploads/000/000/001/school_details/logos/000/000/001/original/Alsanawbar-System login.jpg



/uploads/school_details/1/logos/Alsanawbar-System%20login.jpg
No such file or directory - uploads/000/000/001/school_details/logos/000/000/001/original/Alsanawbar-System login.jpg



/uploads/school_details/1/logos/Alsanawbar-System%20login.jpg
No such file or directory - uploads/000/000/001/school_details/logos/000/000/001/original/Alsanawbar-System login.jpg



/uploads/school_details/1/logos/Alsanawbar-System%20login.jpg
No such file or directory - uploads/000/000/001/school_details/logos/000/000/001/original/Alsanawbar-System login.jpg



/uploads/school_details/1/logos/Alsanawbar-System%20login.jpg
No such file or directory - uploads/000/000/001/school_details/logos/000/000/001/original/Alsanawbar-System login.jpg



/uploads/school_details/1/logos/Alsanawbar-System%20login.jpg
No such file or directory - uploads/000/000/001/school_details/logos/000/000/001/original/Alsanawbar-System login.jpg



/uploads/school_details/1/logos/Alsanawbar-System%20login.jpg
No such file or directory - uploads/000/000/001/school_details/logos/000/000/001/original/Alsanawbar-System login.jpg



/uploads/school_details/1/logos/Alsanawbar-System%20login.jpg
No such file or directory - uploads/000/000/001/school_details/logos/000/000/001/original/Alsanawbar-System login.jpg



/uploads/school_details/1/logos/Alsanawbar-System%20login.jpg
No such file or directory - uploads/000/000/001/school_details/logos/000/000/001/original/Alsanawbar-System login.jpg



/uploads/school_details/1/logos/Alsanawbar-System%20login.jpg
No such file or directory - uploads/000/000/001/school_details/logos/000/000/001/original/Alsanawbar-System login.jpg



/uploads/school_details/1/logos/Alsanawbar-System%20login.jpg
No such file or directory - uploads/000/000/001/school_details/logos/000/000/001/original/Alsanawbar-System login.jpg



/uploads/school_details/1/logos/Alsanawbar-System%20login.jpg
No such file or directory - uploads/000/000/001/school_details/logos/000/000/001/original/Alsanawbar-System login.jpg



/uploads/school_details/1/logos/Alsanawbar-System%20login.jpg
No such file or directory - uploads/000/000/001/school_details/logos/000/000/001/original/Alsanawbar-System login.jpg



/uploads/school_details/1/logos/Alsanawbar-System%20login.jpg
No such file or directory - uploads/000/000/001/school_details/logos/000/000/001/original/Alsanawbar-System login.jpg



/uploads/school_details/1/logos/Alsanawbar-System%20login.jpg
No such file or directory - uploads/000/000/001/school_details/logos/000/000/001/original/Alsanawbar-System login.jpg



/uploads/school_details/1/logos/Alsanawbar-System%20login.jpg
No such file or directory - uploads/000/000/001/school_details/logos/000/000/001/original/Alsanawbar-System login.jpg



/uploads/school_details/1/logos/Alsanawbar-System%20login.jpg
No such file or directory - uploads/000/000/001/school_details/logos/000/000/001/original/Alsanawbar-System login.jpg



/uploads/school_details/1/logos/Alsanawbar-System%20login.jpg
No such file or directory - uploads/000/000/001/school_details/logos/000/000/001/original/Alsanawbar-System login.jpg



/uploads/single_statement_headers/1/logos/logo_150x110%20(1).png
No such file or directory - uploads/000/000/001/single_statement_headers/logos/000/000/001/original/logo_150x110 (1).png



/uploads/single_statement_headers/1/logos/logo_150x110%20(1).png
No such file or directory - uploads/000/000/001/single_statement_headers/logos/000/000/001/original/logo_150x110 (1).png



/uploads/single_statement_headers/1/logos/logo_150x110%20(1).png
No such file or directory - uploads/000/000/001/single_statement_headers/logos/000/000/001/original/logo_150x110 (1).png



/uploads/single_statement_headers/1/logos/logo_150x110%20(1).png
No such file or directory - uploads/000/000/001/single_statement_headers/logos/000/000/001/original/logo_150x110 (1).png



/uploads/school_details/1/logos/Alsanawbar-System%20login.jpg
No such file or directory - uploads/000/000/001/school_details/logos/000/000/001/original/Alsanawbar-System login.jpg



/uploads/school_details/1/logos/Alsanawbar-System%20login.jpg
No such file or directory - uploads/000/000/001/school_details/logos/000/000/001/original/Alsanawbar-System login.jpg



/uploads/single_statement_headers/1/logos/logo_150x110%20(1).png
No such file or directory - uploads/000/000/001/single_statement_headers/logos/000/000/001/original/logo_150x110 (1).png



/uploads/single_statement_headers/1/logos/logo_150x110%20(1).png
No such file or directory - uploads/000/000/001/single_statement_headers/logos/000/000/001/original/logo_150x110 (1).png
