# Logfile created on Sat Jan 04 12:12:51 +0400 2020 by logger.rb/1.2.6
=====================================================================
Updating payroll categoriesSat Jan 04 12:12:51 +0400 2020
FinishedSat Jan 04 12:12:51 +0400 2020
=====================================================================
Creating payroll groupSat Jan 04 12:12:51 +0400 2020
FinishedSat Jan 04 12:12:51 +0400 2020
=====================================================================
Deleting deleted employees salary structureSat Jan 04 12:12:51 +0400 2020
Deleted
Updating employee salary structureSat Jan 04 12:12:51 +0400 2020
FinishedSat Jan 04 12:12:51 +0400 2020
=====================================================================
Updating archived employee salary structureSat Jan 04 12:12:51 +0400 2020
FinishedSat Jan 04 12:12:51 +0400 2020
=====================================================================
Moving employee payslipsSat Jan 04 12:12:51 +0400 2020
FinishedSat Jan 04 12:12:51 +0400 2020
=====================================================================
Updating payroll categoriesWed Jan 15 13:10:11 +0400 2020
FinishedWed Jan 15 13:10:11 +0400 2020
=====================================================================
Creating payroll groupWed Jan 15 13:10:11 +0400 2020
FinishedWed Jan 15 13:10:11 +0400 2020
=====================================================================
Deleting deleted employees salary structureWed Jan 15 13:10:11 +0400 2020
Deleted
Updating employee salary structureWed Jan 15 13:10:11 +0400 2020
FinishedWed Jan 15 13:10:11 +0400 2020
=====================================================================
Updating archived employee salary structureWed Jan 15 13:10:11 +0400 2020
FinishedWed Jan 15 13:10:11 +0400 2020
=====================================================================
Moving employee payslipsWed Jan 15 13:10:11 +0400 2020
FinishedWed Jan 15 13:10:11 +0400 2020
